<?xml version="1.0" encoding="UTF-8"?><testsuite errors="1" failures="0" name="I, as a user, want to register and make a deposit" skipped="0" tests="2" time="56.65" timestamp="2021-08-04 04:02:57"><testcase name="do the registration"><error message="no such element: Unable to locate element: {&quot;method&quot;:&quot;xpath&quot;,&quot;selector&quot;:&quot;//td[contains(text(),'mngr345824')]&quot;}&#10;  (Session info: chrome=92.0.4515.131)&#10;For documentation on this error, please visit: https://www.seleniumhq.org/exceptions/no_such_element.html&#10;Build info: version: '3.141.59', revision: 'e82be7d358', time: '2018-11-14T08:17:03'&#10;System info: host: 'DESKTOP-99HR4JC', ip: '192.168.0.108', os.name: 'Windows 10', os.arch: 'amd64', os.version: '10.0', java.version: '1.8.0_301'&#10;Driver info: org.openqa.selenium.chrome.ChromeDriver&#10;Capabilities {acceptInsecureCerts: false, browserName: chrome, browserVersion: 92.0.4515.131, chrome: {chromedriverVersion: 92.0.4515.107 (87a818b10553..., userDataDir: C:\Users\fabia\AppData\Loca...}, goog:chromeOptions: {debuggerAddress: localhost:61472}, javascriptEnabled: true, networkConnectionEnabled: false, pageLoadStrategy: normal, platform: WINDOWS, platformName: WINDOWS, proxy: Proxy(), setWindowRect: true, strictFileInteractability: false, timeouts: {implicit: 0, pageLoad: 300000, script: 30000}, unhandledPromptBehavior: dismiss and notify, webauthn:extension:credBlob: true, webauthn:extension:largeBlob: true, webauthn:virtualAuthenticators: true}&#10;Session ID: f6258e77b6332f0772e22a4edc5d17e9&#10;*** Element info: {Using=xpath, value=//td[contains(text(),'mngr345824')]}" type="org.openqa.selenium.NoSuchElementException">no such element: Unable to locate element: {"method":"xpath","selector":"//td[contains(text(),'mngr345824')]"}
  (Session info: chrome=92.0.4515.131)
For documentation on this error, please visit: https://www.seleniumhq.org/exceptions/no_such_element.html
Build info: version: '3.141.59', revision: 'e82be7d358', time: '2018-11-14T08:17:03'
System info: host: 'DESKTOP-99HR4JC', ip: '192.168.0.108', os.name: 'Windows 10', os.arch: 'amd64', os.version: '10.0', java.version: '1.8.0_301'
Driver info: org.openqa.selenium.chrome.ChromeDriver
Capabilities {acceptInsecureCerts: false, browserName: chrome, browserVersion: 92.0.4515.131, chrome: {chromedriverVersion: 92.0.4515.107 (87a818b10553..., userDataDir: C:\Users\fabia\AppData\Loca...}, goog:chromeOptions: {debuggerAddress: localhost:61472}, javascriptEnabled: true, networkConnectionEnabled: false, pageLoadStrategy: normal, platform: WINDOWS, platformName: WINDOWS, proxy: Proxy(), setWindowRect: true, strictFileInteractability: false, timeouts: {implicit: 0, pageLoad: 300000, script: 30000}, unhandledPromptBehavior: dismiss and notify, webauthn:extension:credBlob: true, webauthn:extension:largeBlob: true, webauthn:virtualAuthenticators: true}
Session ID: f6258e77b6332f0772e22a4edc5d17e9
*** Element info: {Using=xpath, value=//td[contains(text(),'mngr345824')]}</error><system-err>no such element: Unable to locate element: {"method":"xpath","selector":"//td[contains(text(),'mngr345824')]"}
  (Session info: chrome=92.0.4515.131)
For documentation on this error, please visit: https://www.seleniumhq.org/exceptions/no_such_element.html
Build info: version: '3.141.59', revision: 'e82be7d358', time: '2018-11-14T08:17:03'
System info: host: 'DESKTOP-99HR4JC', ip: '192.168.0.108', os.name: 'Windows 10', os.arch: 'amd64', os.version: '10.0', java.version: '1.8.0_301'
Driver info: org.openqa.selenium.chrome.ChromeDriver
Capabilities {acceptInsecureCerts: false, browserName: chrome, browserVersion: 92.0.4515.131, chrome: {chromedriverVersion: 92.0.4515.107 (87a818b10553..., userDataDir: C:\Users\fabia\AppData\Loca...}, goog:chromeOptions: {debuggerAddress: localhost:61472}, javascriptEnabled: true, networkConnectionEnabled: false, pageLoadStrategy: normal, platform: WINDOWS, platformName: WINDOWS, proxy: Proxy(), setWindowRect: true, strictFileInteractability: false, timeouts: {implicit: 0, pageLoad: 300000, script: 30000}, unhandledPromptBehavior: dismiss and notify, webauthn:extension:credBlob: true, webauthn:extension:largeBlob: true, webauthn:virtualAuthenticators: true}
Session ID: f6258e77b6332f0772e22a4edc5d17e9
*** Element info: {Using=xpath, value=//td[contains(text(),'mngr345824')]}&#13;
certifications.pruebas.task.Register.performAs(Register.java:20)&#13;
certifications.pruebas.stepdefinitions.RegisterAndCheckGuruStepDefinitions.makeAResgister(RegisterAndCheckGuruStepDefinitions.java:31)&#13;
io.cucumber.java.Invoker.invoke(Invoker.java:27)&#13;
io.cucumber.java.JavaStepDefinition.execute(JavaStepDefinition.java:27)&#13;
io.cucumber.core.runner.PickleStepDefinitionMatch.runStep(PickleStepDefinitionMatch.java:63)&#13;
io.cucumber.core.runner.TestStep.executeStep(TestStep.java:64)&#13;
io.cucumber.core.runner.TestStep.run(TestStep.java:49)&#13;
io.cucumber.core.runner.PickleStepTestStep.run(PickleStepTestStep.java:46)&#13;
io.cucumber.core.runner.TestCase.run(TestCase.java:51)&#13;
io.cucumber.core.runner.Runner.runPickle(Runner.java:66)&#13;
io.cucumber.junit.FeatureRunner.runChild(FeatureRunner.java:83)&#13;
io.cucumber.junit.FeatureRunner.runChild(FeatureRunner.java:24)&#13;
io.cucumber.junit.CucumberSerenityRunner.runChild(CucumberSerenityRunner.java:227)&#13;
io.cucumber.junit.CucumberSerenityRunner.runChild(CucumberSerenityRunner.java:54)&#13;
</system-err></testcase><testcase name="make a check"/></testsuite>